

Started GET "/" for ::1 at 2015-06-22 11:49:09 -0400
Processing by Rails::WelcomeController#index as HTML
  Rendered /Users/NocturnalReign/.gem/ruby/2.1.5/gems/railties-4.2.2/lib/rails/templates/rails/welcome/index.html.erb (1.6ms)
Completed 200 OK in 8ms (Views: 8.0ms | ActiveRecord: 0.0ms)


Started GET "/" for ::1 at 2015-06-22 12:01:54 -0400
Processing by Rails::WelcomeController#index as HTML
  Rendered /Users/NocturnalReign/.gem/ruby/2.1.5/gems/railties-4.2.2/lib/rails/templates/rails/welcome/index.html.erb (0.4ms)
Completed 200 OK in 6ms (Views: 4.8ms | ActiveRecord: 0.0ms)
  [1m[36m (119.1ms)[0m  [1mCREATE TABLE "schema_migrations" ("version" character varying NOT NULL) [0m
  [1m[35m (2.3ms)[0m  CREATE UNIQUE INDEX  "unique_schema_migrations" ON "schema_migrations"  ("version")
  [1m[36mActiveRecord::SchemaMigration Load (0.6ms)[0m  [1mSELECT "schema_migrations".* FROM "schema_migrations"[0m
Migrating to CreateQuestions (20150622161705)
  [1m[35m (0.2ms)[0m  BEGIN
  [1m[36m (17.3ms)[0m  [1mCREATE TABLE "questions" ("id" serial primary key, "title" character varying NOT NULL, "description" text NOT NULL, "created_at" timestamp NOT NULL, "updated_at" timestamp NOT NULL) [0m
  [1m[35mSQL (0.4ms)[0m  INSERT INTO "schema_migrations" ("version") VALUES ($1)  [["version", "20150622161705"]]
  [1m[36m (0.6ms)[0m  [1mCOMMIT[0m
  [1m[35mActiveRecord::SchemaMigration Load (0.3ms)[0m  SELECT "schema_migrations".* FROM "schema_migrations"
  [1m[36m (4.3ms)[0m  [1mSELECT t2.oid::regclass::text AS to_table, a1.attname AS column, a2.attname AS primary_key, c.conname AS name, c.confupdtype AS on_update, c.confdeltype AS on_delete
FROM pg_constraint c
JOIN pg_class t1 ON c.conrelid = t1.oid
JOIN pg_class t2 ON c.confrelid = t2.oid
JOIN pg_attribute a1 ON a1.attnum = c.conkey[1] AND a1.attrelid = t1.oid
JOIN pg_attribute a2 ON a2.attnum = c.confkey[1] AND a2.attrelid = t2.oid
JOIN pg_namespace t3 ON c.connamespace = t3.oid
WHERE c.contype = 'f'
  AND t1.relname = 'questions'
  AND t3.nspname = ANY (current_schemas(false))
ORDER BY c.conname
[0m
  [1m[36mActiveRecord::SchemaMigration Load (0.5ms)[0m  [1mSELECT "schema_migrations".* FROM "schema_migrations"[0m
  [1m[35mActiveRecord::SchemaMigration Load (0.3ms)[0m  SELECT "schema_migrations".* FROM "schema_migrations"
Migrating to CreateQuestions (20150622161705)
  [1m[36m (0.2ms)[0m  [1mBEGIN[0m
  [1m[35m (6.1ms)[0m  DROP TABLE "questions"
  [1m[36mSQL (0.4ms)[0m  [1mDELETE FROM "schema_migrations" WHERE "schema_migrations"."version" = $1[0m  [["version", "20150622161705"]]
  [1m[35m (1.4ms)[0m  COMMIT
  [1m[36mActiveRecord::SchemaMigration Load (0.3ms)[0m  [1mSELECT "schema_migrations".* FROM "schema_migrations"[0m
  [1m[36mActiveRecord::SchemaMigration Load (0.9ms)[0m  [1mSELECT "schema_migrations".* FROM "schema_migrations"[0m
Migrating to CreateQuestions (20150622161705)
  [1m[35m (0.2ms)[0m  BEGIN
  [1m[36m (7.2ms)[0m  [1mCREATE TABLE "questions" ("id" serial primary key, "title" character varying NOT NULL, "description" text NOT NULL, "created_at" timestamp NOT NULL, "updated_at" timestamp NOT NULL) [0m
  [1m[35mSQL (0.4ms)[0m  INSERT INTO "schema_migrations" ("version") VALUES ($1)  [["version", "20150622161705"]]
  [1m[36m (0.8ms)[0m  [1mCOMMIT[0m
  [1m[35mActiveRecord::SchemaMigration Load (0.3ms)[0m  SELECT "schema_migrations".* FROM "schema_migrations"
  [1m[36m (4.3ms)[0m  [1mSELECT t2.oid::regclass::text AS to_table, a1.attname AS column, a2.attname AS primary_key, c.conname AS name, c.confupdtype AS on_update, c.confdeltype AS on_delete
FROM pg_constraint c
JOIN pg_class t1 ON c.conrelid = t1.oid
JOIN pg_class t2 ON c.confrelid = t2.oid
JOIN pg_attribute a1 ON a1.attnum = c.conkey[1] AND a1.attrelid = t1.oid
JOIN pg_attribute a2 ON a2.attnum = c.confkey[1] AND a2.attrelid = t2.oid
JOIN pg_namespace t3 ON c.connamespace = t3.oid
WHERE c.contype = 'f'
  AND t1.relname = 'questions'
  AND t3.nspname = ANY (current_schemas(false))
ORDER BY c.conname
[0m
  [1m[36m (0.3ms)[0m  [1mBEGIN[0m
  [1m[35mQuestion Exists (1.4ms)[0m  SELECT  1 AS one FROM "questions" WHERE "questions"."title" = 'Why is the Rails docs so miserable?' LIMIT 1
  [1m[36m (0.3ms)[0m  [1mROLLBACK[0m
  [1m[35m (0.3ms)[0m  BEGIN
  [1m[36mQuestion Exists (0.5ms)[0m  [1mSELECT  1 AS one FROM "questions" WHERE "questions"."title" = 'Why is the Rails docs so miserable?' LIMIT 1[0m
  [1m[35m (0.3ms)[0m  ROLLBACK
  [1m[36m (0.3ms)[0m  [1mBEGIN[0m
  [1m[35mQuestion Exists (1.1ms)[0m  SELECT  1 AS one FROM "questions" WHERE "questions"."title" = 'Is this a great title or what, I cannot beleive how long it has to be. Who would have thought that a title could be this long in the first place. damn!!!' LIMIT 1
  [1m[36mSQL (0.5ms)[0m  [1mINSERT INTO "questions" ("title", "description", "created_at", "updated_at") VALUES ($1, $2, $3, $4) RETURNING "id"[0m  [["title", "Is this a great title or what, I cannot beleive how long it has to be. Who would have thought that a title could be this long in the first place. damn!!!"], ["description", "I actually think this isn't working because I swear our description is well over the limit of the 150 characters and yet my title which was about half of it still didn't. That's fucking bullshit if you ask me but who am I right?"], ["created_at", "2015-06-22 16:36:56.647127"], ["updated_at", "2015-06-22 16:36:56.647127"]]
  [1m[35m (0.4ms)[0m  COMMIT


Started GET "/" for ::1 at 2015-06-22 15:35:08 -0400
  [1m[36mActiveRecord::SchemaMigration Load (1.4ms)[0m  [1mSELECT "schema_migrations".* FROM "schema_migrations"[0m
Processing by Rails::WelcomeController#index as HTML
  Rendered /Users/NocturnalReign/.gem/ruby/2.1.5/gems/railties-4.2.2/lib/rails/templates/rails/welcome/index.html.erb (2.0ms)
Completed 200 OK in 10ms (Views: 9.4ms | ActiveRecord: 0.0ms)


Started GET "/questions" for ::1 at 2015-06-22 15:35:45 -0400
Processing by QuestionsController#index as HTML
  [1m[35mQuestion Load (1.3ms)[0m  SELECT "questions".* FROM "questions"
  Rendered questions/index.html.erb within layouts/application (18.3ms)
Completed 200 OK in 357ms (Views: 341.7ms | ActiveRecord: 11.8ms)


Started GET "/assets/application.self-e80e8f2318043e8af94dddc2adad5a4f09739a8ebb323b3ab31cd71d45fd9113.css?body=1" for ::1 at 2015-06-22 15:35:45 -0400


Started GET "/assets/jquery.self-d03a5518f45df77341bdbe6201ba3bfa547ebba8ed64f0ea56bfa5f96ea7c074.js?body=1" for ::1 at 2015-06-22 15:35:45 -0400


Started GET "/questions" for ::1 at 2015-06-22 15:35:50 -0400
Processing by QuestionsController#index as HTML
  [1m[36mQuestion Load (0.4ms)[0m  [1mSELECT "questions".* FROM "questions"[0m
  Rendered questions/index.html.erb within layouts/application (1.2ms)
Completed 200 OK in 16ms (Views: 15.0ms | ActiveRecord: 0.4ms)


Started GET "/assets/application.self-e80e8f2318043e8af94dddc2adad5a4f09739a8ebb323b3ab31cd71d45fd9113.css?body=1" for ::1 at 2015-06-22 15:35:50 -0400


Started GET "/assets/jquery.self-d03a5518f45df77341bdbe6201ba3bfa547ebba8ed64f0ea56bfa5f96ea7c074.js?body=1" for ::1 at 2015-06-22 15:35:50 -0400


Started GET "/questions" for ::1 at 2015-06-22 15:35:55 -0400
Processing by QuestionsController#index as HTML
  [1m[35mQuestion Load (0.4ms)[0m  SELECT "questions".* FROM "questions"
  Rendered questions/index.html.erb within layouts/application (1.1ms)
Completed 200 OK in 15ms (Views: 14.8ms | ActiveRecord: 0.4ms)


Started GET "/assets/application.self-e80e8f2318043e8af94dddc2adad5a4f09739a8ebb323b3ab31cd71d45fd9113.css?body=1" for ::1 at 2015-06-22 15:35:55 -0400


Started GET "/assets/jquery.self-d03a5518f45df77341bdbe6201ba3bfa547ebba8ed64f0ea56bfa5f96ea7c074.js?body=1" for ::1 at 2015-06-22 15:35:55 -0400


Started GET "/questions" for ::1 at 2015-06-22 15:44:35 -0400
Processing by QuestionsController#index as HTML
  [1m[36mQuestion Load (0.5ms)[0m  [1mSELECT "questions".* FROM "questions"[0m
  Rendered questions/index.html.erb within layouts/application (2.0ms)
Completed 200 OK in 22ms (Views: 21.7ms | ActiveRecord: 0.5ms)


Started GET "/assets/application.self-e80e8f2318043e8af94dddc2adad5a4f09739a8ebb323b3ab31cd71d45fd9113.css?body=1" for ::1 at 2015-06-22 15:44:35 -0400


Started GET "/assets/jquery.self-d03a5518f45df77341bdbe6201ba3bfa547ebba8ed64f0ea56bfa5f96ea7c074.js?body=1" for ::1 at 2015-06-22 15:44:35 -0400


Started GET "/assets/jquery_ujs.self-ca5248a2fad13d6bd58ea121318d642f195f0b2dd818b30615f785ff365e8d1f.js?body=1" for ::1 at 2015-06-22 15:44:35 -0400


Started GET "/assets/application.self-377610cd7c1509e934744c810e3b4cf672dfbcacac3274e7d039827e2ae0fcc7.js?body=1" for ::1 at 2015-06-22 15:44:35 -0400


Started GET "/questions" for ::1 at 2015-06-22 15:44:45 -0400
Processing by QuestionsController#index as HTML
  [1m[35mQuestion Load (0.4ms)[0m  SELECT "questions".* FROM "questions"
  Rendered questions/index.html.erb within layouts/application (1.6ms)
Completed 200 OK in 20ms (Views: 19.6ms | ActiveRecord: 0.4ms)


Started GET "/assets/application.self-e80e8f2318043e8af94dddc2adad5a4f09739a8ebb323b3ab31cd71d45fd9113.css?body=1" for ::1 at 2015-06-22 15:44:45 -0400


Started GET "/assets/jquery.self-d03a5518f45df77341bdbe6201ba3bfa547ebba8ed64f0ea56bfa5f96ea7c074.js?body=1" for ::1 at 2015-06-22 15:44:45 -0400


Started GET "/questions" for ::1 at 2015-06-22 15:44:53 -0400
Processing by QuestionsController#index as HTML
  [1m[36mQuestion Load (0.5ms)[0m  [1mSELECT "questions".* FROM "questions"[0m
  Rendered questions/index.html.erb within layouts/application (1.6ms)
Completed 200 OK in 20ms (Views: 19.6ms | ActiveRecord: 0.5ms)


Started GET "/assets/application.self-e80e8f2318043e8af94dddc2adad5a4f09739a8ebb323b3ab31cd71d45fd9113.css?body=1" for ::1 at 2015-06-22 15:44:53 -0400


Started GET "/assets/jquery.self-d03a5518f45df77341bdbe6201ba3bfa547ebba8ed64f0ea56bfa5f96ea7c074.js?body=1" for ::1 at 2015-06-22 15:44:53 -0400


Started GET "/assets/jquery_ujs.self-ca5248a2fad13d6bd58ea121318d642f195f0b2dd818b30615f785ff365e8d1f.js?body=1" for ::1 at 2015-06-22 15:44:53 -0400


Started GET "/assets/application.self-377610cd7c1509e934744c810e3b4cf672dfbcacac3274e7d039827e2ae0fcc7.js?body=1" for ::1 at 2015-06-22 15:44:53 -0400


Started GET "/questions" for ::1 at 2015-06-22 15:50:42 -0400
Processing by QuestionsController#index as HTML
  [1m[35mQuestion Load (0.4ms)[0m  SELECT "questions".* FROM "questions"
  Rendered questions/index.html.erb within layouts/application (1.6ms)
Completed 200 OK in 17ms (Views: 16.7ms | ActiveRecord: 0.4ms)


Started GET "/assets/application.self-e80e8f2318043e8af94dddc2adad5a4f09739a8ebb323b3ab31cd71d45fd9113.css?body=1" for ::1 at 2015-06-22 15:50:42 -0400


Started GET "/assets/jquery.self-d03a5518f45df77341bdbe6201ba3bfa547ebba8ed64f0ea56bfa5f96ea7c074.js?body=1" for ::1 at 2015-06-22 15:50:42 -0400


Started GET "/assets/jquery_ujs.self-ca5248a2fad13d6bd58ea121318d642f195f0b2dd818b30615f785ff365e8d1f.js?body=1" for ::1 at 2015-06-22 15:50:42 -0400


Started GET "/assets/application.self-377610cd7c1509e934744c810e3b4cf672dfbcacac3274e7d039827e2ae0fcc7.js?body=1" for ::1 at 2015-06-22 15:50:42 -0400


Started GET "/questions" for ::1 at 2015-06-22 15:50:43 -0400
Processing by QuestionsController#index as HTML
  [1m[36mQuestion Load (0.4ms)[0m  [1mSELECT "questions".* FROM "questions"[0m
  Rendered questions/index.html.erb within layouts/application (1.1ms)
Completed 200 OK in 16ms (Views: 15.8ms | ActiveRecord: 0.4ms)


Started GET "/assets/jquery.self-d03a5518f45df77341bdbe6201ba3bfa547ebba8ed64f0ea56bfa5f96ea7c074.js?body=1" for ::1 at 2015-06-22 15:50:43 -0400


Started GET "/assets/application.self-e80e8f2318043e8af94dddc2adad5a4f09739a8ebb323b3ab31cd71d45fd9113.css?body=1" for ::1 at 2015-06-22 15:50:43 -0400


Started GET "/questions" for ::1 at 2015-06-22 15:55:42 -0400
Processing by QuestionsController#index as HTML
  [1m[35mQuestion Load (1.0ms)[0m  SELECT "questions".* FROM "questions"
  Rendered questions/index.html.erb within layouts/application (21.8ms)
Completed 200 OK in 68ms (Views: 51.2ms | ActiveRecord: 5.7ms)


Started GET "/assets/application.self-e80e8f2318043e8af94dddc2adad5a4f09739a8ebb323b3ab31cd71d45fd9113.css?body=1" for ::1 at 2015-06-22 15:55:42 -0400


Started GET "/assets/jquery.self-d03a5518f45df77341bdbe6201ba3bfa547ebba8ed64f0ea56bfa5f96ea7c074.js?body=1" for ::1 at 2015-06-22 15:55:42 -0400


Started GET "/assets/jquery_ujs.self-ca5248a2fad13d6bd58ea121318d642f195f0b2dd818b30615f785ff365e8d1f.js?body=1" for ::1 at 2015-06-22 15:55:42 -0400


Started GET "/assets/application.self-377610cd7c1509e934744c810e3b4cf672dfbcacac3274e7d039827e2ae0fcc7.js?body=1" for ::1 at 2015-06-22 15:55:42 -0400


Started GET "/questions/1" for ::1 at 2015-06-22 15:55:44 -0400

AbstractController::ActionNotFound (The action 'show' could not be found for QuestionsController):
  actionpack (4.2.2) lib/abstract_controller/base.rb:132:in `process'
  actionview (4.2.2) lib/action_view/rendering.rb:30:in `process'
  actionpack (4.2.2) lib/action_controller/metal.rb:196:in `dispatch'
  actionpack (4.2.2) lib/action_controller/metal/rack_delegation.rb:13:in `dispatch'
  actionpack (4.2.2) lib/action_controller/metal.rb:237:in `block in action'
  actionpack (4.2.2) lib/action_dispatch/routing/route_set.rb:74:in `call'
  actionpack (4.2.2) lib/action_dispatch/routing/route_set.rb:74:in `dispatch'
  actionpack (4.2.2) lib/action_dispatch/routing/route_set.rb:43:in `serve'
  actionpack (4.2.2) lib/action_dispatch/journey/router.rb:43:in `block in serve'
  actionpack (4.2.2) lib/action_dispatch/journey/router.rb:30:in `each'
  actionpack (4.2.2) lib/action_dispatch/journey/router.rb:30:in `serve'
  actionpack (4.2.2) lib/action_dispatch/routing/route_set.rb:819:in `call'
  rack (1.6.4) lib/rack/etag.rb:24:in `call'
  rack (1.6.4) lib/rack/conditionalget.rb:25:in `call'
  rack (1.6.4) lib/rack/head.rb:13:in `call'
  actionpack (4.2.2) lib/action_dispatch/middleware/params_parser.rb:27:in `call'
  actionpack (4.2.2) lib/action_dispatch/middleware/flash.rb:260:in `call'
  rack (1.6.4) lib/rack/session/abstract/id.rb:225:in `context'
  rack (1.6.4) lib/rack/session/abstract/id.rb:220:in `call'
  actionpack (4.2.2) lib/action_dispatch/middleware/cookies.rb:560:in `call'
  activerecord (4.2.2) lib/active_record/query_cache.rb:36:in `call'
  activerecord (4.2.2) lib/active_record/connection_adapters/abstract/connection_pool.rb:649:in `call'
  activerecord (4.2.2) lib/active_record/migration.rb:378:in `call'
  actionpack (4.2.2) lib/action_dispatch/middleware/callbacks.rb:29:in `block in call'
  activesupport (4.2.2) lib/active_support/callbacks.rb:88:in `call'
  activesupport (4.2.2) lib/active_support/callbacks.rb:88:in `_run_callbacks'
  activesupport (4.2.2) lib/active_support/callbacks.rb:776:in `_run_call_callbacks'
  activesupport (4.2.2) lib/active_support/callbacks.rb:81:in `run_callbacks'
  actionpack (4.2.2) lib/action_dispatch/middleware/callbacks.rb:27:in `call'
  actionpack (4.2.2) lib/action_dispatch/middleware/reloader.rb:73:in `call'
  actionpack (4.2.2) lib/action_dispatch/middleware/remote_ip.rb:78:in `call'
  actionpack (4.2.2) lib/action_dispatch/middleware/debug_exceptions.rb:17:in `call'
  web-console (2.1.3) lib/web_console/middleware.rb:37:in `call'
  actionpack (4.2.2) lib/action_dispatch/middleware/show_exceptions.rb:30:in `call'
  railties (4.2.2) lib/rails/rack/logger.rb:38:in `call_app'
  railties (4.2.2) lib/rails/rack/logger.rb:20:in `block in call'
  activesupport (4.2.2) lib/active_support/tagged_logging.rb:68:in `block in tagged'
  activesupport (4.2.2) lib/active_support/tagged_logging.rb:26:in `tagged'
  activesupport (4.2.2) lib/active_support/tagged_logging.rb:68:in `tagged'
  railties (4.2.2) lib/rails/rack/logger.rb:20:in `call'
  actionpack (4.2.2) lib/action_dispatch/middleware/request_id.rb:21:in `call'
  rack (1.6.4) lib/rack/methodoverride.rb:22:in `call'
  rack (1.6.4) lib/rack/runtime.rb:18:in `call'
  activesupport (4.2.2) lib/active_support/cache/strategy/local_cache_middleware.rb:28:in `call'
  rack (1.6.4) lib/rack/lock.rb:17:in `call'
  actionpack (4.2.2) lib/action_dispatch/middleware/static.rb:113:in `call'
  rack (1.6.4) lib/rack/sendfile.rb:113:in `call'
  railties (4.2.2) lib/rails/engine.rb:518:in `call'
  railties (4.2.2) lib/rails/application.rb:164:in `call'
  rack (1.6.4) lib/rack/lock.rb:17:in `call'
  rack (1.6.4) lib/rack/content_length.rb:15:in `call'
  rack (1.6.4) lib/rack/handler/webrick.rb:88:in `service'
  /Users/NocturnalReign/.rubies/ruby-2.1.5/lib/ruby/2.1.0/webrick/httpserver.rb:138:in `service'
  /Users/NocturnalReign/.rubies/ruby-2.1.5/lib/ruby/2.1.0/webrick/httpserver.rb:94:in `run'
  /Users/NocturnalReign/.rubies/ruby-2.1.5/lib/ruby/2.1.0/webrick/server.rb:295:in `block in start_thread'


  Rendered /Users/NocturnalReign/.gem/ruby/2.1.5/gems/actionpack-4.2.2/lib/action_dispatch/middleware/templates/rescues/unknown_action.html.erb within rescues/layout (0.5ms)
  Rendered /Users/NocturnalReign/.gem/ruby/2.1.5/gems/web-console-2.1.3/lib/web_console/templates/_markup.html.erb (0.4ms)
  Rendered /Users/NocturnalReign/.gem/ruby/2.1.5/gems/web-console-2.1.3/lib/web_console/templates/style.css.erb within layouts/inlined_string (0.3ms)
  Rendered /Users/NocturnalReign/.gem/ruby/2.1.5/gems/web-console-2.1.3/lib/web_console/templates/_inner_console_markup.html.erb within layouts/inlined_string (0.2ms)
  Rendered /Users/NocturnalReign/.gem/ruby/2.1.5/gems/web-console-2.1.3/lib/web_console/templates/_prompt_box_markup.html.erb within layouts/inlined_string (0.2ms)
  Rendered /Users/NocturnalReign/.gem/ruby/2.1.5/gems/web-console-2.1.3/lib/web_console/templates/console.js.erb within layouts/javascript (18.8ms)
  Rendered /Users/NocturnalReign/.gem/ruby/2.1.5/gems/web-console-2.1.3/lib/web_console/templates/main.js.erb within layouts/javascript (0.3ms)
  Rendered /Users/NocturnalReign/.gem/ruby/2.1.5/gems/web-console-2.1.3/lib/web_console/templates/error_page.js.erb within layouts/javascript (0.3ms)
  Rendered /Users/NocturnalReign/.gem/ruby/2.1.5/gems/web-console-2.1.3/lib/web_console/templates/index.html.erb (43.8ms)


Started GET "/questions" for ::1 at 2015-06-22 16:08:01 -0400
Processing by QuestionsController#index as HTML
  [1m[36mQuestion Load (1.0ms)[0m  [1mSELECT "questions".* FROM "questions"[0m
  Rendered questions/index.html.erb within layouts/application (12.4ms)
Completed 200 OK in 59ms (Views: 55.0ms | ActiveRecord: 1.0ms)


Started GET "/assets/application.self-e80e8f2318043e8af94dddc2adad5a4f09739a8ebb323b3ab31cd71d45fd9113.css?body=1" for ::1 at 2015-06-22 16:08:02 -0400


Started GET "/assets/jquery.self-d03a5518f45df77341bdbe6201ba3bfa547ebba8ed64f0ea56bfa5f96ea7c074.js?body=1" for ::1 at 2015-06-22 16:08:02 -0400


Started GET "/assets/jquery_ujs.self-ca5248a2fad13d6bd58ea121318d642f195f0b2dd818b30615f785ff365e8d1f.js?body=1" for ::1 at 2015-06-22 16:08:02 -0400


Started GET "/assets/application.self-377610cd7c1509e934744c810e3b4cf672dfbcacac3274e7d039827e2ae0fcc7.js?body=1" for ::1 at 2015-06-22 16:08:02 -0400


Started GET "/questions" for ::1 at 2015-06-22 16:10:06 -0400
Processing by QuestionsController#index as HTML
  [1m[35mQuestion Load (0.5ms)[0m  SELECT "questions".* FROM "questions"
  Rendered questions/index.html.erb within layouts/application (1.3ms)
Completed 200 OK in 65ms (Views: 64.6ms | ActiveRecord: 0.5ms)


Started GET "/assets/application.self-e80e8f2318043e8af94dddc2adad5a4f09739a8ebb323b3ab31cd71d45fd9113.css?body=1" for ::1 at 2015-06-22 16:10:06 -0400


Started GET "/assets/jquery_ujs.self-ca5248a2fad13d6bd58ea121318d642f195f0b2dd818b30615f785ff365e8d1f.js?body=1" for ::1 at 2015-06-22 16:10:06 -0400


Started GET "/assets/jquery.self-d03a5518f45df77341bdbe6201ba3bfa547ebba8ed64f0ea56bfa5f96ea7c074.js?body=1" for ::1 at 2015-06-22 16:10:06 -0400


Started GET "/assets/application.self-377610cd7c1509e934744c810e3b4cf672dfbcacac3274e7d039827e2ae0fcc7.js?body=1" for ::1 at 2015-06-22 16:10:06 -0400


Started GET "/questions" for ::1 at 2015-06-22 16:10:08 -0400
Processing by QuestionsController#index as HTML
  [1m[36mQuestion Load (0.5ms)[0m  [1mSELECT "questions".* FROM "questions"[0m
  Rendered questions/index.html.erb within layouts/application (1.6ms)
Completed 200 OK in 30ms (Views: 29.3ms | ActiveRecord: 0.5ms)


Started GET "/assets/application.self-e80e8f2318043e8af94dddc2adad5a4f09739a8ebb323b3ab31cd71d45fd9113.css?body=1" for ::1 at 2015-06-22 16:10:08 -0400


Started GET "/assets/application.self-377610cd7c1509e934744c810e3b4cf672dfbcacac3274e7d039827e2ae0fcc7.js?body=1" for ::1 at 2015-06-22 16:10:08 -0400


Started GET "/assets/jquery.self-d03a5518f45df77341bdbe6201ba3bfa547ebba8ed64f0ea56bfa5f96ea7c074.js?body=1" for ::1 at 2015-06-22 16:10:08 -0400


Started GET "/assets/jquery_ujs.self-ca5248a2fad13d6bd58ea121318d642f195f0b2dd818b30615f785ff365e8d1f.js?body=1" for ::1 at 2015-06-22 16:10:08 -0400


Started GET "/questions" for ::1 at 2015-06-22 16:14:39 -0400
Processing by QuestionsController#index as HTML
Completed 500 Internal Server Error in 9ms (ActiveRecord: 0.0ms)

NameError (undefined local variable or method `timestamps' for #<QuestionsController:0x007ff387fa5ca8>):
  app/controllers/questions_controller.rb:3:in `index'


  Rendered /Users/NocturnalReign/.gem/ruby/2.1.5/gems/actionpack-4.2.2/lib/action_dispatch/middleware/templates/rescues/_source.erb (5.1ms)
  Rendered /Users/NocturnalReign/.gem/ruby/2.1.5/gems/actionpack-4.2.2/lib/action_dispatch/middleware/templates/rescues/_trace.html.erb (3.6ms)
  Rendered /Users/NocturnalReign/.gem/ruby/2.1.5/gems/actionpack-4.2.2/lib/action_dispatch/middleware/templates/rescues/_request_and_response.html.erb (2.3ms)
  Rendered /Users/NocturnalReign/.gem/ruby/2.1.5/gems/actionpack-4.2.2/lib/action_dispatch/middleware/templates/rescues/diagnostics.html.erb within rescues/layout (38.3ms)
  Rendered /Users/NocturnalReign/.gem/ruby/2.1.5/gems/web-console-2.1.3/lib/web_console/templates/_markup.html.erb (0.5ms)
  Rendered /Users/NocturnalReign/.gem/ruby/2.1.5/gems/web-console-2.1.3/lib/web_console/templates/style.css.erb within layouts/inlined_string (0.4ms)
  Rendered /Users/NocturnalReign/.gem/ruby/2.1.5/gems/web-console-2.1.3/lib/web_console/templates/_inner_console_markup.html.erb within layouts/inlined_string (0.3ms)
  Rendered /Users/NocturnalReign/.gem/ruby/2.1.5/gems/web-console-2.1.3/lib/web_console/templates/_prompt_box_markup.html.erb within layouts/inlined_string (0.3ms)
  Rendered /Users/NocturnalReign/.gem/ruby/2.1.5/gems/web-console-2.1.3/lib/web_console/templates/console.js.erb within layouts/javascript (17.3ms)
  Rendered /Users/NocturnalReign/.gem/ruby/2.1.5/gems/web-console-2.1.3/lib/web_console/templates/main.js.erb within layouts/javascript (0.4ms)
  Rendered /Users/NocturnalReign/.gem/ruby/2.1.5/gems/web-console-2.1.3/lib/web_console/templates/error_page.js.erb within layouts/javascript (0.6ms)
  Rendered /Users/NocturnalReign/.gem/ruby/2.1.5/gems/web-console-2.1.3/lib/web_console/templates/index.html.erb (71.1ms)


Started GET "/questions" for ::1 at 2015-06-22 16:15:36 -0400
Processing by QuestionsController#index as HTML
  [1m[35mQuestion Load (7.2ms)[0m  SELECT "questions".* FROM "questions"  ORDER BY "questions"."create_at" DESC
PG::UndefinedColumn: ERROR:  column questions.create_at does not exist
LINE 1: SELECT "questions".* FROM "questions"  ORDER BY "questions"....
                                                        ^
: SELECT "questions".* FROM "questions"  ORDER BY "questions"."create_at" DESC
  Rendered questions/index.html.erb within layouts/application (9.6ms)
Completed 500 Internal Server Error in 20ms (ActiveRecord: 7.2ms)

ActionView::Template::Error (PG::UndefinedColumn: ERROR:  column questions.create_at does not exist
LINE 1: SELECT "questions".* FROM "questions"  ORDER BY "questions"....
                                                        ^
: SELECT "questions".* FROM "questions"  ORDER BY "questions"."create_at" DESC):
    1: <h1>Questions</h1>
    2: 
    3: <ul>
    4:   <% @questions.each do |question| %>
    5:     <li><%= link_to question.title, question_path(question.id) %></li>
    6:   <% end %>
    7: </ul>
  app/views/questions/index.html.erb:4:in `_app_views_questions_index_html_erb__1897409412617489050_70342014611380'


  Rendered /Users/NocturnalReign/.gem/ruby/2.1.5/gems/actionpack-4.2.2/lib/action_dispatch/middleware/templates/rescues/_source.erb (7.6ms)
  Rendered /Users/NocturnalReign/.gem/ruby/2.1.5/gems/actionpack-4.2.2/lib/action_dispatch/middleware/templates/rescues/_trace.html.erb (3.0ms)
  Rendered /Users/NocturnalReign/.gem/ruby/2.1.5/gems/actionpack-4.2.2/lib/action_dispatch/middleware/templates/rescues/_request_and_response.html.erb (1.1ms)
  Rendered /Users/NocturnalReign/.gem/ruby/2.1.5/gems/actionpack-4.2.2/lib/action_dispatch/middleware/templates/rescues/template_error.html.erb within rescues/layout (27.7ms)
  Rendered /Users/NocturnalReign/.gem/ruby/2.1.5/gems/web-console-2.1.3/lib/web_console/templates/_markup.html.erb (0.3ms)
  Rendered /Users/NocturnalReign/.gem/ruby/2.1.5/gems/web-console-2.1.3/lib/web_console/templates/style.css.erb within layouts/inlined_string (0.2ms)
  Rendered /Users/NocturnalReign/.gem/ruby/2.1.5/gems/web-console-2.1.3/lib/web_console/templates/_inner_console_markup.html.erb within layouts/inlined_string (0.2ms)
  Rendered /Users/NocturnalReign/.gem/ruby/2.1.5/gems/web-console-2.1.3/lib/web_console/templates/_prompt_box_markup.html.erb within layouts/inlined_string (0.2ms)
  Rendered /Users/NocturnalReign/.gem/ruby/2.1.5/gems/web-console-2.1.3/lib/web_console/templates/console.js.erb within layouts/javascript (13.6ms)
  Rendered /Users/NocturnalReign/.gem/ruby/2.1.5/gems/web-console-2.1.3/lib/web_console/templates/main.js.erb within layouts/javascript (0.2ms)
  Rendered /Users/NocturnalReign/.gem/ruby/2.1.5/gems/web-console-2.1.3/lib/web_console/templates/error_page.js.erb within layouts/javascript (0.3ms)
  Rendered /Users/NocturnalReign/.gem/ruby/2.1.5/gems/web-console-2.1.3/lib/web_console/templates/index.html.erb (29.0ms)


Started GET "/questions" for ::1 at 2015-06-22 16:15:54 -0400
Processing by QuestionsController#index as HTML
  [1m[36mQuestion Load (6.8ms)[0m  [1mSELECT "questions".* FROM "questions"  ORDER BY "questions"."created_at" DESC[0m
  Rendered questions/index.html.erb within layouts/application (20.7ms)
Completed 200 OK in 49ms (Views: 37.1ms | ActiveRecord: 9.9ms)


Started GET "/assets/application.self-e80e8f2318043e8af94dddc2adad5a4f09739a8ebb323b3ab31cd71d45fd9113.css?body=1" for ::1 at 2015-06-22 16:15:54 -0400


Started GET "/assets/jquery_ujs.self-ca5248a2fad13d6bd58ea121318d642f195f0b2dd818b30615f785ff365e8d1f.js?body=1" for ::1 at 2015-06-22 16:15:54 -0400


Started GET "/assets/jquery.self-d03a5518f45df77341bdbe6201ba3bfa547ebba8ed64f0ea56bfa5f96ea7c074.js?body=1" for ::1 at 2015-06-22 16:15:54 -0400


Started GET "/assets/application.self-377610cd7c1509e934744c810e3b4cf672dfbcacac3274e7d039827e2ae0fcc7.js?body=1" for ::1 at 2015-06-22 16:15:54 -0400
  [1m[36m (0.2ms)[0m  [1mBEGIN[0m
  [1m[35mQuestion Exists (1.3ms)[0m  SELECT  1 AS one FROM "questions" WHERE "questions"."title" = 'You did exactly what you had to do. You considered all your options, you tried every alternative and then you made the hard choice. Damage report! The unexpected is our normal routine. Computer, lights up! Ensign Babyface! When has justice ever been as simple as a rule book? They were just sucked into space.' LIMIT 1
  [1m[36mSQL (0.7ms)[0m  [1mINSERT INTO "questions" ("title", "description", "created_at", "updated_at") VALUES ($1, $2, $3, $4) RETURNING "id"[0m  [["title", "You did exactly what you had to do. You considered all your options, you tried every alternative and then you made the hard choice. Damage report! The unexpected is our normal routine. Computer, lights up! Ensign Babyface! When has justice ever been as simple as a rule book? They were just sucked into space."], ["description", "In all trust, there is the possibility for betrayal. I can't. As much as I care about you, my first duty is to the ship. How long can two people talk about nothing? I am your worst nightmare! I recommend you don't fire until you're within 40,000 kilometers. Mr. Worf, you do remember how to fire phasers? I suggest you drop it, Mr. Data. Congratulations - you just destroyed the Enterprise. Your shields were failing, sir. You enjoyed that. We finished our first sensor sweep of the neutral zone. When has justice ever been as simple as a rule book? Yes, absolutely, I do indeed concur, wholeheartedly! Your head is not an artifact! Fear is the true enemy, the only enemy. Sure. You'd be surprised how far a hug goes with Geordi, or Worf. Computer, lights up! Wouldn't that bring about chaos? Wait a minute - you've been declared dead. You can't give orders around here. We could cause a diplomatic crisis. Take the ship into the Neutral Zone The game's not big enough unless it scares you a little."], ["created_at", "2015-06-22 20:45:45.587343"], ["updated_at", "2015-06-22 20:45:45.587343"]]
  [1m[35m (0.4ms)[0m  COMMIT
  [1m[36mQuestion Load (1.6ms)[0m  [1mSELECT "questions".* FROM "questions"  ORDER BY "questions"."created_at" DESC[0m
  [1m[35mQuestion Load (0.7ms)[0m  SELECT "questions".* FROM "questions"  ORDER BY "questions"."created_at" DESC
  [1m[36mQuestion Load (1.1ms)[0m  [1mSELECT "questions".* FROM "questions"  ORDER BY "questions"."id" DESC[0m


Started GET "/questions" for ::1 at 2015-06-22 17:09:00 -0400
Processing by QuestionsController#index as HTML
  [1m[35mQuestion Load (1.4ms)[0m  SELECT "questions".* FROM "questions"  ORDER BY "questions"."created_at" DESC
  Rendered questions/index.html.erb within layouts/application (17.6ms)
Completed 200 OK in 55ms (Views: 43.1ms | ActiveRecord: 5.8ms)


Started GET "/assets/application.self-e80e8f2318043e8af94dddc2adad5a4f09739a8ebb323b3ab31cd71d45fd9113.css?body=1" for ::1 at 2015-06-22 17:09:00 -0400


Started GET "/assets/jquery.self-d03a5518f45df77341bdbe6201ba3bfa547ebba8ed64f0ea56bfa5f96ea7c074.js?body=1" for ::1 at 2015-06-22 17:09:00 -0400


Started GET "/assets/jquery_ujs.self-ca5248a2fad13d6bd58ea121318d642f195f0b2dd818b30615f785ff365e8d1f.js?body=1" for ::1 at 2015-06-22 17:09:00 -0400


Started GET "/assets/application.self-377610cd7c1509e934744c810e3b4cf672dfbcacac3274e7d039827e2ae0fcc7.js?body=1" for ::1 at 2015-06-22 17:09:01 -0400


Started GET "/questions/2" for ::1 at 2015-06-22 18:03:56 -0400
Processing by QuestionsController#show as HTML
  Parameters: {"id"=>"2"}
  [1m[36mQuestion Load (0.6ms)[0m  [1mSELECT  "questions".* FROM "questions" WHERE "questions"."id" = $1  ORDER BY "questions"."id" ASC LIMIT 1[0m  [["id", 2]]
  Rendered questions/show.html.erb within layouts/application (2.3ms)
Completed 200 OK in 100ms (Views: 41.5ms | ActiveRecord: 6.8ms)


Started GET "/assets/application.self-e80e8f2318043e8af94dddc2adad5a4f09739a8ebb323b3ab31cd71d45fd9113.css?body=1" for ::1 at 2015-06-22 18:03:56 -0400


Started GET "/assets/jquery.self-d03a5518f45df77341bdbe6201ba3bfa547ebba8ed64f0ea56bfa5f96ea7c074.js?body=1" for ::1 at 2015-06-22 18:03:56 -0400
  [1m[36m (29.8ms)[0m  [1mCREATE TABLE "schema_migrations" ("version" character varying NOT NULL) [0m
  [1m[35m (1.7ms)[0m  CREATE UNIQUE INDEX  "unique_schema_migrations" ON "schema_migrations"  ("version")
  [1m[36mActiveRecord::SchemaMigration Load (1.2ms)[0m  [1mSELECT "schema_migrations".* FROM "schema_migrations"[0m
Migrating to CreateQuestions (20150622161705)
  [1m[35m (0.2ms)[0m  BEGIN
  [1m[36m (11.7ms)[0m  [1mCREATE TABLE "questions" ("id" serial primary key, "title" character varying NOT NULL, "description" text NOT NULL, "created_at" timestamp NOT NULL, "updated_at" timestamp NOT NULL) [0m
  [1m[35mSQL (0.4ms)[0m  INSERT INTO "schema_migrations" ("version") VALUES ($1)  [["version", "20150622161705"]]
  [1m[36m (0.6ms)[0m  [1mCOMMIT[0m
  [1m[35mActiveRecord::SchemaMigration Load (0.2ms)[0m  SELECT "schema_migrations".* FROM "schema_migrations"
  [1m[36m (4.4ms)[0m  [1mSELECT t2.oid::regclass::text AS to_table, a1.attname AS column, a2.attname AS primary_key, c.conname AS name, c.confupdtype AS on_update, c.confdeltype AS on_delete
FROM pg_constraint c
JOIN pg_class t1 ON c.conrelid = t1.oid
JOIN pg_class t2 ON c.confrelid = t2.oid
JOIN pg_attribute a1 ON a1.attnum = c.conkey[1] AND a1.attrelid = t1.oid
JOIN pg_attribute a2 ON a2.attnum = c.confkey[1] AND a2.attrelid = t2.oid
JOIN pg_namespace t3 ON c.connamespace = t3.oid
WHERE c.contype = 'f'
  AND t1.relname = 'questions'
  AND t3.nspname = ANY (current_schemas(false))
ORDER BY c.conname
[0m


Started GET "/" for ::1 at 2015-06-22 19:44:09 -0400
  [1m[36mActiveRecord::SchemaMigration Load (0.6ms)[0m  [1mSELECT "schema_migrations".* FROM "schema_migrations"[0m
Processing by Rails::WelcomeController#index as HTML
  Rendered /Users/BrianStern/.gem/ruby/2.1.5/gems/railties-4.2.2/lib/rails/templates/rails/welcome/index.html.erb (1.5ms)
Completed 200 OK in 7ms (Views: 7.1ms | ActiveRecord: 0.0ms)


Started GET "/questions" for ::1 at 2015-06-22 19:44:27 -0400
Processing by QuestionsController#index as HTML
  [1m[35mQuestion Load (1.9ms)[0m  SELECT "questions".* FROM "questions"  ORDER BY "questions"."created_at" DESC
  Rendered questions/index.html.erb within layouts/application (5.1ms)
Completed 200 OK in 338ms (Views: 332.7ms | ActiveRecord: 3.1ms)


Started GET "/questions" for ::1 at 2015-06-22 19:44:48 -0400
  [1m[36mActiveRecord::SchemaMigration Load (0.6ms)[0m  [1mSELECT "schema_migrations".* FROM "schema_migrations"[0m
Processing by QuestionsController#index as HTML
  [1m[35mQuestion Load (1.2ms)[0m  SELECT "questions".* FROM "questions"  ORDER BY "questions"."created_at" DESC
  Rendered questions/index.html.erb within layouts/application (5.1ms)
Completed 200 OK in 223ms (Views: 218.2ms | ActiveRecord: 2.4ms)


Started GET "/assets/application.self-e80e8f2318043e8af94dddc2adad5a4f09739a8ebb323b3ab31cd71d45fd9113.css?body=1" for ::1 at 2015-06-22 19:44:49 -0400


Started GET "/assets/jquery.self-d03a5518f45df77341bdbe6201ba3bfa547ebba8ed64f0ea56bfa5f96ea7c074.js?body=1" for ::1 at 2015-06-22 19:44:49 -0400


Started GET "/assets/jquery_ujs.self-ca5248a2fad13d6bd58ea121318d642f195f0b2dd818b30615f785ff365e8d1f.js?body=1" for ::1 at 2015-06-22 19:44:49 -0400


Started GET "/assets/application.self-377610cd7c1509e934744c810e3b4cf672dfbcacac3274e7d039827e2ae0fcc7.js?body=1" for ::1 at 2015-06-22 19:44:49 -0400
  [1m[36m (0.4ms)[0m  [1mBEGIN[0m
  [1m[35mQuestion Exists (1.6ms)[0m  SELECT  1 AS one FROM "questions" WHERE "questions"."title" = 'You did exactly what you had to do. You considered all your options, you tried every alternative and then you made the hard choice. Damage report! The unexpected is our normal routine. Computer, lights up! Ensign Babyface! When has justice ever been as simple as a rule book? They were just sucked into space.' LIMIT 1
  [1m[36mSQL (0.6ms)[0m  [1mINSERT INTO "questions" ("title", "description", "created_at", "updated_at") VALUES ($1, $2, $3, $4) RETURNING "id"[0m  [["title", "You did exactly what you had to do. You considered all your options, you tried every alternative and then you made the hard choice. Damage report! The unexpected is our normal routine. Computer, lights up! Ensign Babyface! When has justice ever been as simple as a rule book? They were just sucked into space."], ["description", "In all trust, there is the possibility for betrayal. I can't. As much as I care about you, my first duty is to the ship. How long can two people talk about nothing? I am your worst nightmare! I recommend you don't fire until you're within 40,000 kilometers. Mr. Worf, you do remember how to fire phasers? I suggest you drop it, Mr. Data. Congratulations - you just destroyed the Enterprise. Your shields were failing, sir. You enjoyed that. We finished our first sensor sweep of the neutral zone. When has justice ever been as simple as a rule book? Yes, absolutely, I do indeed concur, wholeheartedly! Your head is not an artifact! Fear is the true enemy, the only enemy. Sure. You'd be surprised how far a hug goes with Geordi, or Worf. Computer, lights up! Wouldn't that bring about chaos? Wait a minute - you've been declared dead. You can't give orders around here. We could cause a diplomatic crisis. Take the ship into the Neutral Zone The game's not big enough unless it scares you a little."], ["created_at", "2015-06-22 23:47:34.965200"], ["updated_at", "2015-06-22 23:47:34.965200"]]
  [1m[35m (0.5ms)[0m  COMMIT
  [1m[36m (0.3ms)[0m  [1mBEGIN[0m
  [1m[35mQuestion Exists (0.5ms)[0m  SELECT  1 AS one FROM "questions" WHERE "questions"."title" = 'I can''t. As much as I care about you, my first duty is to the ship. Now we know what they mean by ''advanced'' tactical training. I''d like to think that I haven''t changed those things, sir. Commander William Riker of the Starship Enterprise.' LIMIT 1
  [1m[36mSQL (0.4ms)[0m  [1mINSERT INTO "questions" ("title", "description", "created_at", "updated_at") VALUES ($1, $2, $3, $4) RETURNING "id"[0m  [["title", "I can't. As much as I care about you, my first duty is to the ship. Now we know what they mean by 'advanced' tactical training. I'd like to think that I haven't changed those things, sir. Commander William Riker of the Starship Enterprise."], ["description", "In all trust, there is the possibility for betrayal. I can't. As much as I care about you, my first duty is to the ship. How long can two people talk about nothing? I am your worst nightmare! I recommend you don't fire until you're within 40,000 kilometers. Mr. Worf, you do remember how to fire phasers? I suggest you drop it, Mr. Data. Congratulations - you just destroyed the Enterprise. Your shields were failing, sir. You enjoyed that. We finished our first sensor sweep of the neutral zone. When has justice ever been as simple as a rule book? Yes, absolutely, I do indeed concur, wholeheartedly! Your head is not an artifact! Fear is the true enemy, the only enemy. Sure. You'd be surprised how far a hug goes with Geordi, or Worf. Computer, lights up! Wouldn't that bring about chaos? Wait a minute - you've been declared dead. You can't give orders around here. We could cause a diplomatic crisis. Take the ship into the Neutral Zone The game's not big enough unless it scares you a little."], ["created_at", "2015-06-22 23:47:40.889590"], ["updated_at", "2015-06-22 23:47:40.889590"]]
  [1m[35m (1.8ms)[0m  COMMIT


Started GET "/questions" for ::1 at 2015-06-22 19:49:11 -0400
  [1m[36mActiveRecord::SchemaMigration Load (0.5ms)[0m  [1mSELECT "schema_migrations".* FROM "schema_migrations"[0m
Processing by QuestionsController#index as HTML
  [1m[35mQuestion Load (1.3ms)[0m  SELECT "questions".* FROM "questions"  ORDER BY "questions"."created_at" DESC
  Rendered questions/index.html.erb within layouts/application (13.4ms)
Completed 200 OK in 221ms (Views: 212.2ms | ActiveRecord: 6.5ms)


Started GET "/questions/1" for ::1 at 2015-06-22 19:49:14 -0400
Processing by QuestionsController#show as HTML
  Parameters: {"id"=>"1"}
  [1m[36mQuestion Load (0.5ms)[0m  [1mSELECT  "questions".* FROM "questions" WHERE "questions"."id" = $1  ORDER BY "questions"."id" ASC LIMIT 1[0m  [["id", 1]]
  Rendered questions/show.html.erb within layouts/application (0.5ms)
Completed 200 OK in 29ms (Views: 18.9ms | ActiveRecord: 0.8ms)


Started GET "/questions/2" for ::1 at 2015-06-22 19:49:16 -0400
Processing by QuestionsController#show as HTML
  Parameters: {"id"=>"2"}
  [1m[35mQuestion Load (0.5ms)[0m  SELECT  "questions".* FROM "questions" WHERE "questions"."id" = $1  ORDER BY "questions"."id" ASC LIMIT 1  [["id", 2]]
  Rendered questions/show.html.erb within layouts/application (0.1ms)
Completed 200 OK in 19ms (Views: 16.8ms | ActiveRecord: 0.5ms)


Started GET "/" for ::1 at 2015-06-22 19:58:11 -0400
  [1m[36mActiveRecord::SchemaMigration Load (0.5ms)[0m  [1mSELECT "schema_migrations".* FROM "schema_migrations"[0m
Processing by Rails::WelcomeController#index as HTML
  Rendered /Users/BrianStern/.gem/ruby/2.1.5/gems/railties-4.2.2/lib/rails/templates/rails/welcome/index.html.erb (1.4ms)
Completed 200 OK in 7ms (Views: 6.4ms | ActiveRecord: 0.0ms)


Started GET "/questions" for ::1 at 2015-06-22 19:58:12 -0400
Processing by QuestionsController#index as HTML
  [1m[35mQuestion Load (1.2ms)[0m  SELECT "questions".* FROM "questions"  ORDER BY "questions"."created_at" DESC
  Rendered questions/index.html.erb within layouts/application (10.2ms)
Completed 200 OK in 331ms (Views: 323.6ms | ActiveRecord: 5.1ms)


Started GET "/questions/1" for ::1 at 2015-06-22 19:58:14 -0400
Processing by QuestionsController#show as HTML
  Parameters: {"id"=>"1"}
  [1m[36mQuestion Load (0.3ms)[0m  [1mSELECT  "questions".* FROM "questions" WHERE "questions"."id" = $1  ORDER BY "questions"."id" ASC LIMIT 1[0m  [["id", 1]]
  Rendered questions/show.html.erb within layouts/application (0.5ms)
Completed 200 OK in 23ms (Views: 15.8ms | ActiveRecord: 0.6ms)


Started GET "/questions/2" for ::1 at 2015-06-22 19:58:15 -0400
Processing by QuestionsController#show as HTML
  Parameters: {"id"=>"2"}
  [1m[35mQuestion Load (0.5ms)[0m  SELECT  "questions".* FROM "questions" WHERE "questions"."id" = $1  ORDER BY "questions"."id" ASC LIMIT 1  [["id", 2]]
  Rendered questions/show.html.erb within layouts/application (0.1ms)
Completed 200 OK in 17ms (Views: 15.6ms | ActiveRecord: 0.5ms)
